2021-06-29 19:14:27.305 - INFO  [           main] o.s.b.StartupInfoLogger        : Starting AppRun using Java 1.8.0_281 on DESKTOP-CPNQFID with PID 14732 (D:\IJ2019WORKSPACE\pickDistributionSysV4\target\classes started by Allen in D:\IJ2019WORKSPACE\pickDistributionSysV4)
2021-06-29 19:14:27.355 - INFO  [           main] o.s.b.SpringApplication        : No active profile set, falling back to default profiles: default
2021-06-29 19:14:28.568 - INFO  [           main] epositoryConfigurationDelegate : Multiple Spring Data modules found, entering strict repository configuration mode!
2021-06-29 19:14:28.571 - INFO  [           main] epositoryConfigurationDelegate : Bootstrapping Spring Data Redis repositories in DEFAULT mode.
2021-06-29 19:14:28.605 - INFO  [           main] epositoryConfigurationDelegate : Finished Spring Data repository scanning in 17 ms. Found 0 Redis repository interfaces.
2021-06-29 19:14:29.187 - INFO  [           main] o.s.b.w.e.t.TomcatWebServer    : Tomcat initialized with port(s): 8080 (http)
2021-06-29 19:14:29.209 - INFO  [           main] o.a.j.l.DirectJDKLog           : Initializing ProtocolHandler ["http-nio-8080"]
2021-06-29 19:14:29.209 - INFO  [           main] o.a.j.l.DirectJDKLog           : Starting service [Tomcat]
2021-06-29 19:14:29.210 - INFO  [           main] o.a.j.l.DirectJDKLog           : Starting Servlet engine: [Apache Tomcat/9.0.41]
2021-06-29 19:14:29.514 - INFO  [           main] o.a.j.l.DirectJDKLog           : Initializing Spring embedded WebApplicationContext
2021-06-29 19:14:29.514 - INFO  [           main] letWebServerApplicationContext : Root WebApplicationContext: initialization completed in 2034 ms
2021-06-29 19:14:32.776 - INFO  [           main] c.ExecutorConfigurationSupport : Initializing ExecutorService 'applicationTaskExecutor'
2021-06-29 19:14:32.962 - INFO  [           main] .w.s.WelcomePageHandlerMapping : Adding welcome page template: index
2021-06-29 19:14:33.342 - INFO  [           main] o.a.j.l.DirectJDKLog           : Starting ProtocolHandler ["http-nio-8080"]
2021-06-29 19:14:33.357 - INFO  [           main] o.s.b.w.e.t.TomcatWebServer    : Tomcat started on port(s): 8080 (http) with context path ''
2021-06-29 19:14:33.364 - INFO  [           main] o.s.b.StartupInfoLogger        : Started AppRun in 6.51 seconds (JVM running for 9.797)
2021-06-29 19:17:33.405 - INFO  [nio-8080-exec-1] o.a.j.l.DirectJDKLog           : Initializing Spring DispatcherServlet 'dispatcherServlet'
2021-06-29 19:17:33.406 - INFO  [nio-8080-exec-1] o.s.w.s.FrameworkServlet       : Initializing Servlet 'dispatcherServlet'
2021-06-29 19:17:33.411 - INFO  [nio-8080-exec-1] o.s.w.s.FrameworkServlet       : Completed initialization in 5 ms
2021-06-29 19:18:37.645 - INFO  [nio-8080-exec-1] c.a.d.p.DruidDataSource        : {dataSource-1} inited
2021-06-30 13:45:12.027 - INFO  [           main] o.s.b.StartupInfoLogger        : Starting AppRun using Java 1.8.0_281 on DESKTOP-CPNQFID with PID 21896 (D:\IJ2019WORKSPACE\pickDeliverySysDev\target\classes started by Allen in D:\IJ2019WORKSPACE\pickDeliverySysDev)
2021-06-30 13:45:12.062 - INFO  [           main] o.s.b.SpringApplication        : No active profile set, falling back to default profiles: default
2021-06-30 13:45:12.601 - INFO  [           main] epositoryConfigurationDelegate : Multiple Spring Data modules found, entering strict repository configuration mode!
2021-06-30 13:45:12.603 - INFO  [           main] epositoryConfigurationDelegate : Bootstrapping Spring Data Redis repositories in DEFAULT mode.
2021-06-30 13:45:12.631 - INFO  [           main] epositoryConfigurationDelegate : Finished Spring Data repository scanning in 12 ms. Found 0 Redis repository interfaces.
2021-06-30 13:45:13.104 - INFO  [           main] o.s.b.w.e.t.TomcatWebServer    : Tomcat initialized with port(s): 8080 (http)
2021-06-30 13:45:13.112 - INFO  [           main] o.a.j.l.DirectJDKLog           : Initializing ProtocolHandler ["http-nio-8080"]
2021-06-30 13:45:13.112 - INFO  [           main] o.a.j.l.DirectJDKLog           : Starting service [Tomcat]
2021-06-30 13:45:13.113 - INFO  [           main] o.a.j.l.DirectJDKLog           : Starting Servlet engine: [Apache Tomcat/9.0.41]
2021-06-30 13:45:13.191 - INFO  [           main] o.a.j.l.DirectJDKLog           : Initializing Spring embedded WebApplicationContext
2021-06-30 13:45:13.192 - INFO  [           main] letWebServerApplicationContext : Root WebApplicationContext: initialization completed in 1099 ms
2021-06-30 13:45:14.900 - INFO  [           main] c.ExecutorConfigurationSupport : Initializing ExecutorService 'applicationTaskExecutor'
2021-06-30 13:45:14.972 - INFO  [           main] .w.s.WelcomePageHandlerMapping : Adding welcome page template: index
2021-06-30 13:45:15.242 - INFO  [           main] o.a.j.l.DirectJDKLog           : Starting ProtocolHandler ["http-nio-8080"]
2021-06-30 13:45:15.257 - INFO  [           main] o.s.b.w.e.t.TomcatWebServer    : Tomcat started on port(s): 8080 (http) with context path ''
2021-06-30 13:45:15.265 - INFO  [           main] o.s.b.StartupInfoLogger        : Started AppRun in 3.533 seconds (JVM running for 5.439)
2021-06-30 13:45:56.497 - INFO  [nio-8080-exec-1] o.a.j.l.DirectJDKLog           : Initializing Spring DispatcherServlet 'dispatcherServlet'
2021-06-30 13:45:56.497 - INFO  [nio-8080-exec-1] o.s.w.s.FrameworkServlet       : Initializing Servlet 'dispatcherServlet'
2021-06-30 13:45:56.498 - INFO  [nio-8080-exec-1] o.s.w.s.FrameworkServlet       : Completed initialization in 1 ms
2021-06-30 13:45:58.080 - INFO  [nio-8080-exec-1] c.a.d.p.DruidDataSource        : {dataSource-1} inited
2021-06-30 14:26:20.324 - INFO  [           main] o.s.b.StartupInfoLogger        : Starting AppRun using Java 1.8.0_281 on DESKTOP-CPNQFID with PID 21628 (D:\IJ2019WORKSPACE\pickDeliverySysDev\target\classes started by Allen in D:\IJ2019WORKSPACE\pickDeliverySysDev)
2021-06-30 14:26:20.330 - INFO  [           main] o.s.b.SpringApplication        : No active profile set, falling back to default profiles: default
2021-06-30 14:26:20.857 - INFO  [           main] epositoryConfigurationDelegate : Multiple Spring Data modules found, entering strict repository configuration mode!
2021-06-30 14:26:20.859 - INFO  [           main] epositoryConfigurationDelegate : Bootstrapping Spring Data Redis repositories in DEFAULT mode.
2021-06-30 14:26:20.877 - INFO  [           main] epositoryConfigurationDelegate : Finished Spring Data repository scanning in 9 ms. Found 0 Redis repository interfaces.
2021-06-30 14:26:21.245 - INFO  [           main] o.s.b.w.e.t.TomcatWebServer    : Tomcat initialized with port(s): 8080 (http)
2021-06-30 14:26:21.252 - INFO  [           main] o.a.j.l.DirectJDKLog           : Initializing ProtocolHandler ["http-nio-8080"]
2021-06-30 14:26:21.253 - INFO  [           main] o.a.j.l.DirectJDKLog           : Starting service [Tomcat]
2021-06-30 14:26:21.253 - INFO  [           main] o.a.j.l.DirectJDKLog           : Starting Servlet engine: [Apache Tomcat/9.0.41]
2021-06-30 14:26:21.325 - INFO  [           main] o.a.j.l.DirectJDKLog           : Initializing Spring embedded WebApplicationContext
2021-06-30 14:26:21.325 - INFO  [           main] letWebServerApplicationContext : Root WebApplicationContext: initialization completed in 942 ms
2021-06-30 14:26:23.010 - INFO  [           main] c.ExecutorConfigurationSupport : Initializing ExecutorService 'applicationTaskExecutor'
2021-06-30 14:26:23.078 - INFO  [           main] .w.s.WelcomePageHandlerMapping : Adding welcome page template: index
2021-06-30 14:26:23.372 - INFO  [           main] o.a.j.l.DirectJDKLog           : Starting ProtocolHandler ["http-nio-8080"]
2021-06-30 14:26:23.387 - INFO  [           main] o.s.b.w.e.t.TomcatWebServer    : Tomcat started on port(s): 8080 (http) with context path ''
2021-06-30 14:26:23.396 - INFO  [           main] o.s.b.StartupInfoLogger        : Started AppRun in 3.363 seconds (JVM running for 5.047)
2021-06-30 14:26:41.199 - INFO  [nio-8080-exec-1] o.a.j.l.DirectJDKLog           : Initializing Spring DispatcherServlet 'dispatcherServlet'
2021-06-30 14:26:41.199 - INFO  [nio-8080-exec-1] o.s.w.s.FrameworkServlet       : Initializing Servlet 'dispatcherServlet'
2021-06-30 14:26:41.200 - INFO  [nio-8080-exec-1] o.s.w.s.FrameworkServlet       : Completed initialization in 1 ms
2021-06-30 14:26:42.782 - INFO  [nio-8080-exec-1] c.a.d.p.DruidDataSource        : {dataSource-1} inited
